 Undiagonalized Huckel Hamiltonian:
     0.000    -0.800     0.000     0.000     0.000    -0.800
    -1.000     0.000    -1.000     0.000     0.000     0.000
     0.000    -0.800     0.000    -0.800     0.000     0.000
     0.000     0.000    -1.000     0.000    -1.000     0.000
     0.000     0.000     0.000    -0.800     0.000    -0.800
    -1.000     0.000     0.000     0.000    -1.000     0.000
 
 ===========================================
 
 Autovettori e autovalori:
 -------------------------------------------
Autovettore numero   1:
    -0.356     0.262     0.552    -0.552    -0.262     0.356
Con autovalore:     -1.742
 -------------------------------------------
Autovettore numero   2:
    -0.419     0.570    -0.000    -0.000     0.570    -0.419
Con autovalore:     -0.942
 -------------------------------------------
Autovettore numero   3:
    -0.445     0.327    -0.442     0.442    -0.327     0.445
Con autovalore:     -0.800
 -------------------------------------------
Autovettore numero   4:
    -0.445    -0.327    -0.442    -0.442    -0.327    -0.445
Con autovalore:      0.800
 -------------------------------------------
Autovettore numero   5:
    -0.419    -0.570     0.000    -0.000     0.570     0.419
Con autovalore:      0.942
 -------------------------------------------
Autovettore numero   6:
    -0.356    -0.262     0.552     0.552    -0.262    -0.356
Con autovalore:      1.742
