 Undiagonalized Huckel Hamiltonian:
     0.000    -1.000     0.000     0.000     0.000    -1.000     0.000    -1.000     0.000     0.000     0.000     0.000     0.000     0.000     0.000     0.000     0.000     0.000     0.000     0.000     0.000     0.000     0.000     0.000
    -1.000     0.000    -1.000     0.000     0.000     0.000     0.000     0.000     0.000     0.000     0.000     0.000     0.000     0.000     0.000     0.000     0.000     0.000     0.000     0.000     0.000     0.000     0.000     0.000
     0.000    -1.000     0.000    -1.000     0.000     0.000     0.000     0.000     0.000    -1.000     0.000     0.000     0.000     0.000     0.000     0.000     0.000     0.000     0.000     0.000     0.000     0.000     0.000     0.000
     0.000     0.000    -1.000     0.000    -1.000     0.000     0.000     0.000     0.000     0.000     0.000     0.000     0.000     0.000     0.000     0.000     0.000     0.000     0.000     0.000     0.000     0.000     0.000     0.000
     0.000     0.000     0.000    -1.000     0.000    -1.000     0.000     0.000     0.000     0.000     0.000    -1.000     0.000     0.000     0.000     0.000     0.000     0.000     0.000     0.000     0.000     0.000     0.000     0.000
    -1.000     0.000     0.000     0.000    -1.000     0.000     0.000     0.000     0.000     0.000     0.000     0.000     0.000     0.000     0.000     0.000     0.000     0.000     0.000     0.000     0.000     0.000     0.000     0.000
     0.000     0.000     0.000     0.000     0.000     0.000     0.000    -1.000     0.000     0.000     0.000    -1.000     0.000    -1.000     0.000     0.000     0.000     0.000     0.000     0.000     0.000     0.000     0.000     0.000
    -1.000     0.000     0.000     0.000     0.000     0.000    -1.000     0.000    -1.000     0.000     0.000     0.000     0.000     0.000     0.000     0.000     0.000     0.000     0.000     0.000     0.000     0.000     0.000     0.000
     0.000     0.000     0.000     0.000     0.000     0.000     0.000    -1.000     0.000    -1.000     0.000     0.000     0.000     0.000     0.000    -1.000     0.000     0.000     0.000     0.000     0.000     0.000     0.000     0.000
     0.000     0.000    -1.000     0.000     0.000     0.000     0.000     0.000    -1.000     0.000    -1.000     0.000     0.000     0.000     0.000     0.000     0.000     0.000     0.000     0.000     0.000     0.000     0.000     0.000
     0.000     0.000     0.000     0.000     0.000     0.000     0.000     0.000     0.000    -1.000     0.000    -1.000     0.000     0.000     0.000     0.000     0.000    -1.000     0.000     0.000     0.000     0.000     0.000     0.000
     0.000     0.000     0.000     0.000    -1.000     0.000    -1.000     0.000     0.000     0.000    -1.000     0.000     0.000     0.000     0.000     0.000     0.000     0.000     0.000     0.000     0.000     0.000     0.000     0.000
     0.000     0.000     0.000     0.000     0.000     0.000     0.000     0.000     0.000     0.000     0.000     0.000     0.000    -1.000     0.000     0.000     0.000    -1.000     0.000    -1.000     0.000     0.000     0.000     0.000
     0.000     0.000     0.000     0.000     0.000     0.000    -1.000     0.000     0.000     0.000     0.000     0.000    -1.000     0.000    -1.000     0.000     0.000     0.000     0.000     0.000     0.000     0.000     0.000     0.000
     0.000     0.000     0.000     0.000     0.000     0.000     0.000     0.000     0.000     0.000     0.000     0.000     0.000    -1.000     0.000    -1.000     0.000     0.000     0.000     0.000     0.000    -1.000     0.000     0.000
     0.000     0.000     0.000     0.000     0.000     0.000     0.000     0.000    -1.000     0.000     0.000     0.000     0.000     0.000    -1.000     0.000    -1.000     0.000     0.000     0.000     0.000     0.000     0.000     0.000
     0.000     0.000     0.000     0.000     0.000     0.000     0.000     0.000     0.000     0.000     0.000     0.000     0.000     0.000     0.000    -1.000     0.000    -1.000     0.000     0.000     0.000     0.000     0.000    -1.000
     0.000     0.000     0.000     0.000     0.000     0.000     0.000     0.000     0.000     0.000    -1.000     0.000    -1.000     0.000     0.000     0.000    -1.000     0.000     0.000     0.000     0.000     0.000     0.000     0.000
     0.000     0.000     0.000     0.000     0.000     0.000     0.000     0.000     0.000     0.000     0.000     0.000     0.000     0.000     0.000     0.000     0.000     0.000     0.000    -1.000     0.000     0.000     0.000    -1.000
     0.000     0.000     0.000     0.000     0.000     0.000     0.000     0.000     0.000     0.000     0.000     0.000    -1.000     0.000     0.000     0.000     0.000     0.000    -1.000     0.000    -1.000     0.000     0.000     0.000
     0.000     0.000     0.000     0.000     0.000     0.000     0.000     0.000     0.000     0.000     0.000     0.000     0.000     0.000     0.000     0.000     0.000     0.000     0.000    -1.000     0.000    -1.000     0.000     0.000
     0.000     0.000     0.000     0.000     0.000     0.000     0.000     0.000     0.000     0.000     0.000     0.000     0.000     0.000    -1.000     0.000     0.000     0.000     0.000     0.000    -1.000     0.000    -1.000     0.000
     0.000     0.000     0.000     0.000     0.000     0.000     0.000     0.000     0.000     0.000     0.000     0.000     0.000     0.000     0.000     0.000     0.000     0.000     0.000     0.000     0.000    -1.000     0.000    -1.000
     0.000     0.000     0.000     0.000     0.000     0.000     0.000     0.000     0.000     0.000     0.000     0.000     0.000     0.000     0.000     0.000    -1.000     0.000    -1.000     0.000     0.000     0.000    -1.000     0.000
 
 ===========================================
 
 Autovettori e autovalori:
