 Undiagonalized Huckel Hamiltonian:
     0.000    -1.000     0.000     0.000     0.000     0.000     0.000     0.000     0.000     0.000     0.000     0.000     0.000     0.000     0.000     0.000     0.000     0.000     0.000     0.000     0.000     0.000     0.000     0.000     0.000    -1.000
    -1.000     0.000    -1.000     0.000     0.000     0.000     0.000     0.000     0.000     0.000     0.000     0.000     0.000     0.000     0.000     0.000     0.000     0.000     0.000     0.000     0.000     0.000     0.000     0.000     0.000     0.000
     0.000    -1.000     0.000    -1.000     0.000     0.000     0.000     0.000     0.000     0.000     0.000     0.000     0.000     0.000     0.000     0.000     0.000     0.000     0.000     0.000     0.000     0.000     0.000     0.000     0.000     0.000
     0.000     0.000    -1.000     0.000    -1.000     0.000     0.000     0.000     0.000     0.000     0.000     0.000     0.000     0.000     0.000     0.000     0.000     0.000     0.000     0.000     0.000     0.000     0.000     0.000     0.000     0.000
     0.000     0.000     0.000    -1.000     0.000    -1.000     0.000     0.000     0.000     0.000     0.000     0.000     0.000     0.000     0.000     0.000     0.000     0.000     0.000     0.000     0.000     0.000     0.000     0.000     0.000     0.000
     0.000     0.000     0.000     0.000    -1.000     0.000    -1.000     0.000     0.000     0.000     0.000     0.000     0.000     0.000     0.000     0.000     0.000     0.000     0.000     0.000     0.000     0.000     0.000     0.000     0.000     0.000
     0.000     0.000     0.000     0.000     0.000    -1.000     0.000    -1.000     0.000     0.000     0.000     0.000     0.000     0.000     0.000     0.000     0.000     0.000     0.000     0.000     0.000     0.000     0.000     0.000     0.000     0.000
     0.000     0.000     0.000     0.000     0.000     0.000    -1.000     0.000    -1.000     0.000     0.000     0.000     0.000     0.000     0.000     0.000     0.000     0.000     0.000     0.000     0.000     0.000     0.000     0.000     0.000     0.000
     0.000     0.000     0.000     0.000     0.000     0.000     0.000    -1.000     0.000    -1.000     0.000     0.000     0.000     0.000     0.000     0.000     0.000     0.000     0.000     0.000     0.000     0.000     0.000     0.000     0.000     0.000
     0.000     0.000     0.000     0.000     0.000     0.000     0.000     0.000    -1.000     0.000    -1.000     0.000     0.000     0.000     0.000     0.000     0.000     0.000     0.000     0.000     0.000     0.000     0.000     0.000     0.000     0.000
     0.000     0.000     0.000     0.000     0.000     0.000     0.000     0.000     0.000    -1.000     0.000    -1.000     0.000     0.000     0.000     0.000     0.000     0.000     0.000     0.000     0.000     0.000     0.000     0.000     0.000     0.000
     0.000     0.000     0.000     0.000     0.000     0.000     0.000     0.000     0.000     0.000    -1.000     0.000    -1.000     0.000     0.000     0.000     0.000     0.000     0.000     0.000     0.000     0.000     0.000     0.000     0.000     0.000
     0.000     0.000     0.000     0.000     0.000     0.000     0.000     0.000     0.000     0.000     0.000    -1.000     0.000    -1.000     0.000     0.000     0.000     0.000     0.000     0.000     0.000     0.000     0.000     0.000     0.000     0.000
     0.000     0.000     0.000     0.000     0.000     0.000     0.000     0.000     0.000     0.000     0.000     0.000    -1.000     0.000    -1.000     0.000     0.000     0.000     0.000     0.000     0.000     0.000     0.000     0.000     0.000     0.000
     0.000     0.000     0.000     0.000     0.000     0.000     0.000     0.000     0.000     0.000     0.000     0.000     0.000    -1.000     0.000    -1.000     0.000     0.000     0.000     0.000     0.000     0.000     0.000     0.000     0.000     0.000
     0.000     0.000     0.000     0.000     0.000     0.000     0.000     0.000     0.000     0.000     0.000     0.000     0.000     0.000    -1.000     0.000    -1.000     0.000     0.000     0.000     0.000     0.000     0.000     0.000     0.000     0.000
     0.000     0.000     0.000     0.000     0.000     0.000     0.000     0.000     0.000     0.000     0.000     0.000     0.000     0.000     0.000    -1.000     0.000    -1.000     0.000     0.000     0.000     0.000     0.000     0.000     0.000     0.000
     0.000     0.000     0.000     0.000     0.000     0.000     0.000     0.000     0.000     0.000     0.000     0.000     0.000     0.000     0.000     0.000    -1.000     0.000    -1.000     0.000     0.000     0.000     0.000     0.000     0.000     0.000
     0.000     0.000     0.000     0.000     0.000     0.000     0.000     0.000     0.000     0.000     0.000     0.000     0.000     0.000     0.000     0.000     0.000    -1.000     0.000    -1.000     0.000     0.000     0.000     0.000     0.000     0.000
     0.000     0.000     0.000     0.000     0.000     0.000     0.000     0.000     0.000     0.000     0.000     0.000     0.000     0.000     0.000     0.000     0.000     0.000    -1.000     0.000    -1.000     0.000     0.000     0.000     0.000     0.000
     0.000     0.000     0.000     0.000     0.000     0.000     0.000     0.000     0.000     0.000     0.000     0.000     0.000     0.000     0.000     0.000     0.000     0.000     0.000    -1.000     0.000    -1.000     0.000     0.000     0.000     0.000
     0.000     0.000     0.000     0.000     0.000     0.000     0.000     0.000     0.000     0.000     0.000     0.000     0.000     0.000     0.000     0.000     0.000     0.000     0.000     0.000    -1.000     0.000    -1.000     0.000     0.000     0.000
     0.000     0.000     0.000     0.000     0.000     0.000     0.000     0.000     0.000     0.000     0.000     0.000     0.000     0.000     0.000     0.000     0.000     0.000     0.000     0.000     0.000    -1.000     0.000    -1.000     0.000     0.000
     0.000     0.000     0.000     0.000     0.000     0.000     0.000     0.000     0.000     0.000     0.000     0.000     0.000     0.000     0.000     0.000     0.000     0.000     0.000     0.000     0.000     0.000    -1.000     0.000    -1.000     0.000
     0.000     0.000     0.000     0.000     0.000     0.000     0.000     0.000     0.000     0.000     0.000     0.000     0.000     0.000     0.000     0.000     0.000     0.000     0.000     0.000     0.000     0.000     0.000    -1.000     0.000    -1.000
    -1.000     0.000     0.000     0.000     0.000     0.000     0.000     0.000     0.000     0.000     0.000     0.000     0.000     0.000     0.000     0.000     0.000     0.000     0.000     0.000     0.000     0.000     0.000     0.000    -1.000     0.000
 
 ===========================================
 
 Autovettori e autovalori:
 -------------------------------------------
Autovettore numero   1:
    -0.196    -0.269    -0.066    -0.130     0.245    -0.184    -0.208    -0.230     0.155    -0.260    -0.096     0.275    -0.038    -0.275    -0.033    -0.105    -0.257    -0.229    -0.156     0.177    -0.213     0.103     0.257     0.065    -0.270     0.196
Con autovalore:     -2.000
 -------------------------------------------
Autovettore numero   2:
    -0.196    -0.246    -0.128    -0.229     0.157    -0.275    -0.033    -0.258    -0.101    -0.182     0.209     0.071     0.268     0.066    -0.269    -0.203     0.189     0.259    -0.100    -0.274     0.042    -0.211    -0.180    -0.128     0.246    -0.196
Con autovalore:     -1.942
 -------------------------------------------
Autovettore numero   3:
    -0.196    -0.208    -0.183    -0.275     0.033    -0.228     0.158    -0.063    -0.270     0.131     0.244    -0.258     0.103     0.259     0.098     0.249     0.123    -0.065     0.270     0.233     0.150     0.271     0.061     0.183    -0.209     0.196
Con autovalore:     -1.942
 -------------------------------------------
Autovettore numero   4:
    -0.196    -0.158    -0.228    -0.259    -0.099    -0.066     0.269     0.186    -0.206     0.275    -0.036    -0.133    -0.243    -0.129     0.246     0.027    -0.276    -0.185    -0.207    -0.075    -0.267    -0.268     0.072    -0.227     0.159    -0.196
Con autovalore:     -1.771
 -------------------------------------------
Autovettore numero   5:
    -0.196    -0.099    -0.259    -0.183    -0.208     0.129     0.246     0.275     0.036     0.064    -0.270     0.225    -0.162    -0.228    -0.158    -0.268     0.073     0.275    -0.035    -0.121     0.250     0.204    -0.188     0.259    -0.100     0.196
Con autovalore:     -1.771
 -------------------------------------------
Autovettore numero   6:
    -0.196    -0.034    -0.275    -0.066    -0.269     0.259     0.098     0.126     0.247    -0.230    -0.155     0.188     0.204     0.184    -0.208     0.163     0.224    -0.128     0.246     0.256    -0.107    -0.093     0.261    -0.275     0.035    -0.196
Con autovalore:     -1.497
 -------------------------------------------
Autovettore numero   7:
    -0.196     0.033    -0.275     0.067    -0.269     0.259    -0.098    -0.132     0.244    -0.227     0.160    -0.180     0.211     0.184     0.208     0.152    -0.232    -0.130    -0.245    -0.262    -0.090    -0.039    -0.275     0.276     0.032     0.196
Con autovalore:     -1.497
 -------------------------------------------
Autovettore numero   8:
    -0.196     0.098    -0.260     0.185    -0.207     0.129    -0.246    -0.276     0.030     0.069     0.269    -0.231    -0.153    -0.228     0.158    -0.271    -0.060     0.276     0.032     0.137     0.241     0.162     0.225    -0.260    -0.097    -0.196
Con autovalore:     -1.136
 -------------------------------------------
Autovettore numero   9:
    -0.196     0.157    -0.229     0.260    -0.098    -0.066    -0.269    -0.182    -0.210     0.276     0.031     0.124    -0.248    -0.129    -0.246     0.040     0.274    -0.183     0.209     0.058    -0.271    -0.248    -0.124     0.229     0.156     0.196
Con autovalore:     -1.136
 -------------------------------------------
Autovettore numero  10:
    -0.196     0.207    -0.184     0.275     0.034    -0.228    -0.158     0.069    -0.269     0.126    -0.247     0.261     0.094     0.259    -0.098     0.242    -0.135    -0.068    -0.269    -0.223     0.165     0.277    -0.005    -0.185    -0.207    -0.196
Con autovalore:     -0.709
 -------------------------------------------
Autovettore numero  11:
    -0.196     0.245    -0.129     0.228     0.158    -0.275     0.033     0.260    -0.095    -0.186    -0.206    -0.061     0.270     0.066     0.269    -0.212    -0.179     0.260     0.097     0.276     0.025    -0.243     0.134     0.130     0.245     0.196
Con autovalore:     -0.709
 -------------------------------------------
Autovettore numero  12:
    -0.196     0.269    -0.067     0.128     0.246    -0.184     0.208     0.226     0.160    -0.258     0.101    -0.276    -0.028    -0.275     0.033    -0.092     0.262    -0.227     0.159    -0.191    -0.202     0.153    -0.231    -0.068    -0.269    -0.196
Con autovalore:     -0.241
 -------------------------------------------
Autovettore numero  13:
    -0.196     0.277    -0.001    -0.001     0.277     0.000     0.277    -0.003     0.277     0.003     0.277    -0.005    -0.277     0.000    -0.277     0.277    -0.007    -0.002    -0.277     0.009     0.277    -0.028     0.276     0.002     0.277     0.196
Con autovalore:     -0.241
 -------------------------------------------
Autovettore numero  14:
    -0.196     0.269     0.066    -0.130     0.245     0.184     0.208    -0.230     0.155     0.260     0.096     0.275    -0.038     0.275     0.033    -0.105    -0.257     0.229     0.156     0.177    -0.213    -0.103    -0.257     0.065    -0.270    -0.196
Con autovalore:      0.241
 -------------------------------------------
Autovettore numero  15:
    -0.196     0.246     0.128    -0.229     0.157     0.275     0.033    -0.258    -0.101     0.182    -0.209     0.071     0.268    -0.066     0.269    -0.203     0.189    -0.259     0.100    -0.274     0.042     0.211     0.180    -0.128     0.246     0.196
Con autovalore:      0.241
 -------------------------------------------
Autovettore numero  16:
    -0.196     0.208     0.183    -0.275     0.033     0.228    -0.158    -0.063    -0.270    -0.131    -0.244    -0.258     0.103    -0.259    -0.098     0.249     0.123     0.065    -0.270     0.233     0.150    -0.271    -0.061     0.183    -0.209    -0.196
Con autovalore:      0.709
 -------------------------------------------
Autovettore numero  17:
    -0.196     0.158     0.228    -0.259    -0.099     0.066    -0.269     0.186    -0.206    -0.275     0.036    -0.133    -0.243     0.129    -0.246     0.027    -0.276     0.185     0.207    -0.075    -0.267     0.268    -0.072    -0.227     0.159     0.196
Con autovalore:      0.709
 -------------------------------------------
Autovettore numero  18:
    -0.196     0.099     0.259    -0.183    -0.208    -0.129    -0.246     0.275     0.036    -0.064     0.270     0.225    -0.162     0.228     0.158    -0.268     0.073    -0.275     0.035    -0.121     0.250    -0.204     0.188     0.259    -0.100    -0.196
Con autovalore:      1.136
 -------------------------------------------
Autovettore numero  19:
    -0.196     0.034     0.275    -0.066    -0.269    -0.259    -0.098     0.126     0.247     0.230     0.155     0.188     0.204    -0.184     0.208     0.163     0.224     0.128    -0.246     0.256    -0.107     0.093    -0.261    -0.275     0.035     0.196
Con autovalore:      1.136
 -------------------------------------------
Autovettore numero  20:
    -0.196    -0.033     0.275     0.067    -0.269    -0.259     0.098    -0.132     0.244     0.227    -0.160    -0.180     0.211    -0.184    -0.208     0.152    -0.232     0.130     0.245    -0.262    -0.090     0.039     0.275     0.276     0.032    -0.196
Con autovalore:      1.497
 -------------------------------------------
Autovettore numero  21:
    -0.196    -0.098     0.260     0.185    -0.207    -0.129     0.246    -0.276     0.030    -0.069    -0.269    -0.231    -0.153     0.228    -0.158    -0.271    -0.060    -0.276    -0.032     0.137     0.241    -0.162    -0.225    -0.260    -0.097     0.196
Con autovalore:      1.497
 -------------------------------------------
Autovettore numero  22:
    -0.196    -0.157     0.229     0.260    -0.098     0.066     0.269    -0.182    -0.210    -0.276    -0.031     0.124    -0.248     0.129     0.246     0.040     0.274     0.183    -0.209     0.058    -0.271     0.248     0.124     0.229     0.156    -0.196
Con autovalore:      1.771
 -------------------------------------------
Autovettore numero  23:
    -0.196    -0.207     0.184     0.275     0.034     0.228     0.158     0.069    -0.269    -0.126     0.247     0.261     0.094    -0.259     0.098     0.242    -0.135     0.068     0.269    -0.223     0.165    -0.277     0.005    -0.185    -0.207     0.196
Con autovalore:      1.771
 -------------------------------------------
Autovettore numero  24:
    -0.196    -0.245     0.129     0.228     0.158     0.275    -0.033     0.260    -0.095     0.186     0.206    -0.061     0.270    -0.066    -0.269    -0.212    -0.179    -0.260    -0.097     0.276     0.025     0.243    -0.134     0.130     0.245    -0.196
Con autovalore:      1.942
 -------------------------------------------
Autovettore numero  25:
    -0.196    -0.269     0.067     0.128     0.246     0.184    -0.208     0.226     0.160     0.258    -0.101    -0.276    -0.028     0.275    -0.033    -0.092     0.262     0.227    -0.159    -0.191    -0.202    -0.153     0.231    -0.068    -0.269     0.196
Con autovalore:      1.942
 -------------------------------------------
Autovettore numero  26:
    -0.196    -0.277     0.001    -0.001     0.277    -0.000    -0.277    -0.003     0.277    -0.003    -0.277    -0.005    -0.277    -0.000     0.277     0.277    -0.007     0.002     0.277     0.009     0.277     0.028    -0.276     0.002     0.277    -0.196
Con autovalore:      2.000
